<?xml version="1.0" encoding="UTF-8"?>
<!-- Generated by org.testng.reporters.JUnitReportReporter -->
<testsuite skipped="0" hostname="LAPTOP-D47N5MN1" name="HotstarTest.AlertTests" tests="1" failures="0" timestamp="05 May 2018 08:44:46 GMT" time="69.930" errors="0">
  <testcase name="testPromprAlert" time="69.930" classname="HotstarTest.AlertTests"/>
</testsuite> <!-- HotstarTest.AlertTests -->
