<?xml version="1.0" encoding="UTF-8"?>
<!-- Generated by org.testng.reporters.JUnitReportReporter -->
<testsuite skipped="0" hostname="LAPTOP-D47N5MN1" name="HotstarTest.AppTest" tests="1" failures="0" timestamp="22 Mar 2018 18:20:31 GMT" time="148.670" errors="0">
  <testcase name="SearchResults" time="148.670" classname="HotstarTest.AppTest"/>
</testsuite> <!-- HotstarTest.AppTest -->
